	Babylon.js Exporter version: 1.8.2, Blender version: 2.75 (sub 0)
========= Conversion from Blender to Babylon.js =========
	Python World class constructor completed
	processing begun of material:  iphone.iphone_6_screen_texture_718x1278
	processing begun of material:  iphone.m_backsensor
	processing begun of material:  iphone.m_cam_glass
	processing begun of material:  iphone.m_cam_innercam
	processing begun of material:  iphone.m_cam_lense
	processing begun of material:  iphone.m_cam_lense_front
	processing begun of material:  iphone.m_cam_ring
	processing begun of material:  iphone.m_darkgrey_aluminium
	WARNING texture type not currently supported:  NONE, ignored.
	processing begun of material:  iphone.m_flashlight
	processing begun of material:  iphone.m_frontcam_glass_outer
	processing begun of material:  iphone.m_frontspeaker
	processing begun of material:  iphone.m_glassplate_plastic
	processing begun of material:  iphone.m_glassplate_plastic_small
	processing begun of material:  iphone.m_grey_aluminium
	WARNING texture type not currently supported:  NONE, ignored.
	processing begun of material:  iphone.m_grey_shiny_aluminium
	WARNING texture type not currently supported:  NONE, ignored.
	processing begun of material:  iphone.m_touchring_metal
	processing begun of node:  o_iPhone_masterempty
	processing begun of mesh:  o_iphone_body
		processing begun of multimaterial:  iphone.Multimaterial#0
		num positions      :  65534
		num normals        :  65534
		num uvs            :  131068
		num uvs2           :  0
		num colors         :  0
		num indices        :  185442
	WARNING: The following mesh has exceeded the maximum # of vertex elements & will be broken into multiple Babylon meshes: o_iphone_body
	processing begun of mesh:  o_iphone_body1
		processing begun of multimaterial:  iphone.Multimaterial#1
		num positions      :  65533
		num normals        :  65533
		num uvs            :  131066
		num uvs2           :  0
		num colors         :  0
		num indices        :  187062
	processing begun of mesh:  o_iphone_body2
		processing begun of multimaterial:  iphone.Multimaterial#2
		num positions      :  34006
		num normals        :  34006
		num uvs            :  68012
		num uvs2           :  0
		num colors         :  0
		num indices        :  96960
	processing begun of mesh:  o_iPhone_back_camera
		processing begun of multimaterial:  iphone.Multimaterial#3
		num positions      :  1921
		num normals        :  1921
		num uvs            :  0
		num uvs2           :  0
		num colors         :  0
		num indices        :  6906
	processing begun of mesh:  o_iPhone_sensor_backplate
		num positions      :  4
		num normals        :  4
		num uvs            :  0
		num uvs2           :  0
		num colors         :  0
		num indices        :  6
	processing begun of mesh:  o_iPhone_flashlight_backplate
		num positions      :  4
		num normals        :  4
		num uvs            :  8
		num uvs2           :  0
		num colors         :  0
		num indices        :  6
	processing begun of mesh:  o_iPhone_onoffswitch
		processing begun of multimaterial:  iphone.Multimaterial#4
		num positions      :  14273
		num normals        :  14273
		num uvs            :  0
		num uvs2           :  0
		num colors         :  0
		num indices        :  79872
	processing begun of mesh:  o_iphone_loudness
		processing begun of multimaterial:  iphone.Multimaterial#5
		num positions      :  28546
		num normals        :  28546
		num uvs            :  0
		num uvs2           :  0
		num colors         :  0
		num indices        :  159744
	processing begun of mesh:  o_iphone_toggle
		processing begun of multimaterial:  iphone.Multimaterial#6
		num positions      :  797
		num normals        :  797
		num uvs            :  0
		num uvs2           :  0
		num colors         :  0
		num indices        :  3696
	processing begun of mesh:  o_iphone_glassplate
		processing begun of multimaterial:  iphone.Multimaterial#7
		num positions      :  31181
		num normals        :  31181
		num uvs            :  62362
		num uvs2           :  0
		num colors         :  0
		num indices        :  179736
	processing begun of mesh:  iphone_6_screen_texture_718x1278
		num positions      :  4
		num normals        :  4
		num uvs            :  8
		num uvs2           :  0
		num colors         :  0
		num indices        :  6
	processing begun of mesh:  o_iPhone_front_speaker_inlay
		num positions      :  4
		num normals        :  4
		num uvs            :  0
		num uvs2           :  0
		num colors         :  0
		num indices        :  6
	processing begun of mesh:  o_iphone_camera_inlet_front
		processing begun of multimaterial:  iphone.Multimaterial#8
		num positions      :  261
		num normals        :  261
		num uvs            :  0
		num uvs2           :  0
		num colors         :  0
		num indices        :  1200
	processing begun of mesh:  o_apple_logo
		num positions      :  1090
		num normals        :  1090
		num uvs            :  0
		num uvs2           :  0
		num colors         :  0
		num indices        :  3228
	processing begun of camera (FreeCamera):  Camera
========= Writing of scene file started =========
========= Writing of scene file completed =========
========= end of processing =========
